{"/Users/satvinaik/Desktop/520/Social-App-Team3/backend/auth_logic.js": {"path":"/Users/satvinaik/Desktop/520/Social-App-Team3/backend/auth_logic.js","statementMap":{"0":{"start":{"line":5,"column":30},"end":{"line":11,"column":1}},"1":{"start":{"line":13,"column":20},"end":{"line":13,"column":22}},"2":{"start":{"line":15,"column":32},"end":{"line":25,"column":1}},"3":{"start":{"line":16,"column":2},"end":{"line":16,"column":56}},"4":{"start":{"line":16,"column":43},"end":{"line":16,"column":56}},"5":{"start":{"line":18,"column":26},"end":{"line":18,"column":52}},"6":{"start":{"line":19,"column":16},"end":{"line":19,"column":42}},"7":{"start":{"line":21,"column":2},"end":{"line":21,"column":39}},"8":{"start":{"line":21,"column":26},"end":{"line":21,"column":39}},"9":{"start":{"line":23,"column":17},"end":{"line":23,"column":25}},"10":{"start":{"line":24,"column":2},"end":{"line":24,"column":48}},"11":{"start":{"line":27,"column":24},"end":{"line":30,"column":1}},"12":{"start":{"line":28,"column":2},"end":{"line":28,"column":62}},"13":{"start":{"line":28,"column":49},"end":{"line":28,"column":62}},"14":{"start":{"line":29,"column":2},"end":{"line":29,"column":30}},"15":{"start":{"line":32,"column":24},"end":{"line":39,"column":1}},"16":{"start":{"line":33,"column":2},"end":{"line":33,"column":62}},"17":{"start":{"line":33,"column":49},"end":{"line":33,"column":62}},"18":{"start":{"line":35,"column":18},"end":{"line":35,"column":33}},"19":{"start":{"line":36,"column":2},"end":{"line":36,"column":62}},"20":{"start":{"line":36,"column":49},"end":{"line":36,"column":62}},"21":{"start":{"line":38,"column":2},"end":{"line":38,"column":41}},"22":{"start":{"line":41,"column":21},"end":{"line":53,"column":1}},"23":{"start":{"line":42,"column":2},"end":{"line":52,"column":4}},"24":{"start":{"line":55,"column":28},"end":{"line":96,"column":1}},"25":{"start":{"line":56,"column":2},"end":{"line":58,"column":3}},"26":{"start":{"line":57,"column":4},"end":{"line":57,"column":67}},"27":{"start":{"line":60,"column":29},"end":{"line":60,"column":44}},"28":{"start":{"line":61,"column":26},"end":{"line":61,"column":52}},"29":{"start":{"line":62,"column":29},"end":{"line":62,"column":62}},"30":{"start":{"line":64,"column":2},"end":{"line":66,"column":3}},"31":{"start":{"line":65,"column":4},"end":{"line":65,"column":108}},"32":{"start":{"line":68,"column":2},"end":{"line":70,"column":3}},"33":{"start":{"line":69,"column":4},"end":{"line":69,"column":70}},"34":{"start":{"line":72,"column":2},"end":{"line":74,"column":3}},"35":{"start":{"line":73,"column":4},"end":{"line":73,"column":68}},"36":{"start":{"line":76,"column":28},"end":{"line":76,"column":65}},"37":{"start":{"line":77,"column":2},"end":{"line":79,"column":3}},"38":{"start":{"line":78,"column":4},"end":{"line":78,"column":66}},"39":{"start":{"line":81,"column":31},"end":{"line":81,"column":74}},"40":{"start":{"line":82,"column":2},"end":{"line":84,"column":3}},"41":{"start":{"line":83,"column":4},"end":{"line":83,"column":55}},"42":{"start":{"line":86,"column":23},"end":{"line":86,"column":63}},"43":{"start":{"line":88,"column":18},"end":{"line":93,"column":3}},"44":{"start":{"line":95,"column":2},"end":{"line":95,"column":31}},"45":{"start":{"line":98,"column":25},"end":{"line":122,"column":1}},"46":{"start":{"line":99,"column":2},"end":{"line":101,"column":3}},"47":{"start":{"line":100,"column":4},"end":{"line":100,"column":56}},"48":{"start":{"line":103,"column":26},"end":{"line":103,"column":52}},"49":{"start":{"line":105,"column":15},"end":{"line":105,"column":52}},"50":{"start":{"line":107,"column":2},"end":{"line":109,"column":3}},"51":{"start":{"line":108,"column":4},"end":{"line":108,"column":50}},"52":{"start":{"line":111,"column":2},"end":{"line":113,"column":3}},"53":{"start":{"line":112,"column":4},"end":{"line":112,"column":58}},"54":{"start":{"line":115,"column":26},"end":{"line":115,"column":78}},"55":{"start":{"line":117,"column":2},"end":{"line":119,"column":3}},"56":{"start":{"line":118,"column":4},"end":{"line":118,"column":50}},"57":{"start":{"line":121,"column":2},"end":{"line":121,"column":28}}},"fnMap":{"0":{"name":"(anonymous_0)","decl":{"start":{"line":15,"column":32},"end":{"line":15,"column":33}},"loc":{"start":{"line":15,"column":43},"end":{"line":25,"column":1}},"line":15},"1":{"name":"(anonymous_1)","decl":{"start":{"line":27,"column":24},"end":{"line":27,"column":25}},"loc":{"start":{"line":27,"column":38},"end":{"line":30,"column":1}},"line":27},"2":{"name":"(anonymous_2)","decl":{"start":{"line":32,"column":24},"end":{"line":32,"column":25}},"loc":{"start":{"line":32,"column":38},"end":{"line":39,"column":1}},"line":32},"3":{"name":"(anonymous_3)","decl":{"start":{"line":41,"column":21},"end":{"line":41,"column":22}},"loc":{"start":{"line":41,"column":31},"end":{"line":53,"column":1}},"line":41},"4":{"name":"(anonymous_4)","decl":{"start":{"line":55,"column":28},"end":{"line":55,"column":29}},"loc":{"start":{"line":55,"column":79},"end":{"line":96,"column":1}},"line":55},"5":{"name":"(anonymous_5)","decl":{"start":{"line":98,"column":25},"end":{"line":98,"column":26}},"loc":{"start":{"line":98,"column":56},"end":{"line":122,"column":1}},"line":98}},"branchMap":{"0":{"loc":{"start":{"line":16,"column":2},"end":{"line":16,"column":56}},"type":"if","locations":[{"start":{"line":16,"column":2},"end":{"line":16,"column":56}},{"start":{},"end":{}}],"line":16},"1":{"loc":{"start":{"line":16,"column":6},"end":{"line":16,"column":41}},"type":"binary-expr","locations":[{"start":{"line":16,"column":6},"end":{"line":16,"column":12}},{"start":{"line":16,"column":16},"end":{"line":16,"column":41}}],"line":16},"2":{"loc":{"start":{"line":21,"column":2},"end":{"line":21,"column":39}},"type":"if","locations":[{"start":{"line":21,"column":2},"end":{"line":21,"column":39}},{"start":{},"end":{}}],"line":21},"3":{"loc":{"start":{"line":28,"column":2},"end":{"line":28,"column":62}},"type":"if","locations":[{"start":{"line":28,"column":2},"end":{"line":28,"column":62}},{"start":{},"end":{}}],"line":28},"4":{"loc":{"start":{"line":28,"column":6},"end":{"line":28,"column":47}},"type":"binary-expr","locations":[{"start":{"line":28,"column":6},"end":{"line":28,"column":15}},{"start":{"line":28,"column":19},"end":{"line":28,"column":47}}],"line":28},"5":{"loc":{"start":{"line":33,"column":2},"end":{"line":33,"column":62}},"type":"if","locations":[{"start":{"line":33,"column":2},"end":{"line":33,"column":62}},{"start":{},"end":{}}],"line":33},"6":{"loc":{"start":{"line":33,"column":6},"end":{"line":33,"column":47}},"type":"binary-expr","locations":[{"start":{"line":33,"column":6},"end":{"line":33,"column":15}},{"start":{"line":33,"column":19},"end":{"line":33,"column":47}}],"line":33},"7":{"loc":{"start":{"line":36,"column":2},"end":{"line":36,"column":62}},"type":"if","locations":[{"start":{"line":36,"column":2},"end":{"line":36,"column":62}},{"start":{},"end":{}}],"line":36},"8":{"loc":{"start":{"line":36,"column":6},"end":{"line":36,"column":47}},"type":"binary-expr","locations":[{"start":{"line":36,"column":6},"end":{"line":36,"column":24}},{"start":{"line":36,"column":28},"end":{"line":36,"column":47}}],"line":36},"9":{"loc":{"start":{"line":56,"column":2},"end":{"line":58,"column":3}},"type":"if","locations":[{"start":{"line":56,"column":2},"end":{"line":58,"column":3}},{"start":{},"end":{}}],"line":56},"10":{"loc":{"start":{"line":56,"column":6},"end":{"line":56,"column":38}},"type":"binary-expr","locations":[{"start":{"line":56,"column":6},"end":{"line":56,"column":15}},{"start":{"line":56,"column":19},"end":{"line":56,"column":25}},{"start":{"line":56,"column":29},"end":{"line":56,"column":38}}],"line":56},"11":{"loc":{"start":{"line":62,"column":29},"end":{"line":62,"column":62}},"type":"cond-expr","locations":[{"start":{"line":62,"column":40},"end":{"line":62,"column":55}},{"start":{"line":62,"column":58},"end":{"line":62,"column":62}}],"line":62},"12":{"loc":{"start":{"line":64,"column":2},"end":{"line":66,"column":3}},"type":"if","locations":[{"start":{"line":64,"column":2},"end":{"line":66,"column":3}},{"start":{},"end":{}}],"line":64},"13":{"loc":{"start":{"line":68,"column":2},"end":{"line":70,"column":3}},"type":"if","locations":[{"start":{"line":68,"column":2},"end":{"line":70,"column":3}},{"start":{},"end":{}}],"line":68},"14":{"loc":{"start":{"line":72,"column":2},"end":{"line":74,"column":3}},"type":"if","locations":[{"start":{"line":72,"column":2},"end":{"line":74,"column":3}},{"start":{},"end":{}}],"line":72},"15":{"loc":{"start":{"line":77,"column":2},"end":{"line":79,"column":3}},"type":"if","locations":[{"start":{"line":77,"column":2},"end":{"line":79,"column":3}},{"start":{},"end":{}}],"line":77},"16":{"loc":{"start":{"line":82,"column":2},"end":{"line":84,"column":3}},"type":"if","locations":[{"start":{"line":82,"column":2},"end":{"line":84,"column":3}},{"start":{},"end":{}}],"line":82},"17":{"loc":{"start":{"line":99,"column":2},"end":{"line":101,"column":3}},"type":"if","locations":[{"start":{"line":99,"column":2},"end":{"line":101,"column":3}},{"start":{},"end":{}}],"line":99},"18":{"loc":{"start":{"line":99,"column":6},"end":{"line":99,"column":25}},"type":"binary-expr","locations":[{"start":{"line":99,"column":6},"end":{"line":99,"column":12}},{"start":{"line":99,"column":16},"end":{"line":99,"column":25}}],"line":99},"19":{"loc":{"start":{"line":107,"column":2},"end":{"line":109,"column":3}},"type":"if","locations":[{"start":{"line":107,"column":2},"end":{"line":109,"column":3}},{"start":{},"end":{}}],"line":107},"20":{"loc":{"start":{"line":111,"column":2},"end":{"line":113,"column":3}},"type":"if","locations":[{"start":{"line":111,"column":2},"end":{"line":113,"column":3}},{"start":{},"end":{}}],"line":111},"21":{"loc":{"start":{"line":117,"column":2},"end":{"line":119,"column":3}},"type":"if","locations":[{"start":{"line":117,"column":2},"end":{"line":119,"column":3}},{"start":{},"end":{}}],"line":117}},"s":{"0":1,"1":1,"2":1,"3":7,"4":0,"5":7,"6":7,"7":7,"8":1,"9":6,"10":6,"11":1,"12":5,"13":0,"14":5,"15":1,"16":9,"17":0,"18":9,"19":9,"20":1,"21":8,"22":1,"23":3,"24":1,"25":10,"26":1,"27":9,"28":9,"29":9,"30":9,"31":2,"32":7,"33":2,"34":5,"35":1,"36":4,"37":4,"38":1,"39":3,"40":3,"41":1,"42":2,"43":2,"44":2,"45":1,"46":5,"47":1,"48":4,"49":4,"50":4,"51":1,"52":3,"53":1,"54":2,"55":2,"56":1,"57":1},"f":{"0":7,"1":5,"2":9,"3":3,"4":10,"5":5},"b":{"0":[0,7],"1":[7,7],"2":[1,6],"3":[0,5],"4":[5,5],"5":[0,9],"6":[9,9],"7":[1,8],"8":[9,8],"9":[1,9],"10":[10,9,9],"11":[1,8],"12":[2,7],"13":[2,5],"14":[1,4],"15":[1,3],"16":[1,2],"17":[1,4],"18":[5,4],"19":[1,3],"20":[1,2],"21":[1,1]},"inputSourceMap":null,"_coverageSchema":"1a1c01bbd47fc00a2c39e90264f33305004495a9","hash":"d0c8aa1a4a046a989537bd4c9678d40751154d44"}
,"/Users/satvinaik/Desktop/520/Social-App-Team3/backend/createPost.js": {"path":"/Users/satvinaik/Desktop/520/Social-App-Team3/backend/createPost.js","statementMap":{"0":{"start":{"line":5,"column":24},"end":{"line":5,"column":28}},"1":{"start":{"line":7,"column":27},"end":{"line":15,"column":1}},"2":{"start":{"line":8,"column":2},"end":{"line":8,"column":60}},"3":{"start":{"line":8,"column":47},"end":{"line":8,"column":60}},"4":{"start":{"line":10,"column":18},"end":{"line":10,"column":32}},"5":{"start":{"line":11,"column":2},"end":{"line":11,"column":41}},"6":{"start":{"line":11,"column":28},"end":{"line":11,"column":41}},"7":{"start":{"line":12,"column":2},"end":{"line":12,"column":53}},"8":{"start":{"line":12,"column":40},"end":{"line":12,"column":53}},"9":{"start":{"line":14,"column":2},"end":{"line":14,"column":14}},"10":{"start":{"line":17,"column":21},"end":{"line":24,"column":1}},"11":{"start":{"line":18,"column":2},"end":{"line":23,"column":4}},"12":{"start":{"line":26,"column":29},"end":{"line":42,"column":1}},"13":{"start":{"line":27,"column":2},"end":{"line":29,"column":3}},"14":{"start":{"line":28,"column":4},"end":{"line":28,"column":57}},"15":{"start":{"line":31,"column":28},"end":{"line":31,"column":42}},"16":{"start":{"line":33,"column":2},"end":{"line":37,"column":3}},"17":{"start":{"line":34,"column":4},"end":{"line":36,"column":6}},"18":{"start":{"line":39,"column":18},"end":{"line":39,"column":64}},"19":{"start":{"line":41,"column":2},"end":{"line":41,"column":31}}},"fnMap":{"0":{"name":"(anonymous_0)","decl":{"start":{"line":7,"column":27},"end":{"line":7,"column":28}},"loc":{"start":{"line":7,"column":40},"end":{"line":15,"column":1}},"line":7},"1":{"name":"(anonymous_1)","decl":{"start":{"line":17,"column":21},"end":{"line":17,"column":22}},"loc":{"start":{"line":17,"column":31},"end":{"line":24,"column":1}},"line":17},"2":{"name":"(anonymous_2)","decl":{"start":{"line":26,"column":29},"end":{"line":26,"column":30}},"loc":{"start":{"line":26,"column":62},"end":{"line":42,"column":1}},"line":26}},"branchMap":{"0":{"loc":{"start":{"line":8,"column":2},"end":{"line":8,"column":60}},"type":"if","locations":[{"start":{"line":8,"column":2},"end":{"line":8,"column":60}},{"start":{},"end":{}}],"line":8},"1":{"loc":{"start":{"line":8,"column":6},"end":{"line":8,"column":45}},"type":"binary-expr","locations":[{"start":{"line":8,"column":6},"end":{"line":8,"column":14}},{"start":{"line":8,"column":18},"end":{"line":8,"column":45}}],"line":8},"2":{"loc":{"start":{"line":11,"column":2},"end":{"line":11,"column":41}},"type":"if","locations":[{"start":{"line":11,"column":2},"end":{"line":11,"column":41}},{"start":{},"end":{}}],"line":11},"3":{"loc":{"start":{"line":12,"column":2},"end":{"line":12,"column":53}},"type":"if","locations":[{"start":{"line":12,"column":2},"end":{"line":12,"column":53}},{"start":{},"end":{}}],"line":12},"4":{"loc":{"start":{"line":27,"column":2},"end":{"line":29,"column":3}},"type":"if","locations":[{"start":{"line":27,"column":2},"end":{"line":29,"column":3}},{"start":{},"end":{}}],"line":27},"5":{"loc":{"start":{"line":27,"column":6},"end":{"line":27,"column":27}},"type":"binary-expr","locations":[{"start":{"line":27,"column":6},"end":{"line":27,"column":15}},{"start":{"line":27,"column":19},"end":{"line":27,"column":27}}],"line":27},"6":{"loc":{"start":{"line":33,"column":2},"end":{"line":37,"column":3}},"type":"if","locations":[{"start":{"line":33,"column":2},"end":{"line":37,"column":3}},{"start":{},"end":{}}],"line":33}},"s":{"0":1,"1":1,"2":3,"3":1,"4":2,"5":2,"6":0,"7":2,"8":1,"9":1,"10":1,"11":1,"12":1,"13":4,"14":1,"15":3,"16":3,"17":2,"18":1,"19":1},"f":{"0":3,"1":1,"2":4},"b":{"0":[1,2],"1":[3,2],"2":[0,2],"3":[1,1],"4":[1,3],"5":[4,3],"6":[2,1]},"inputSourceMap":null,"_coverageSchema":"1a1c01bbd47fc00a2c39e90264f33305004495a9","hash":"72dd7ba45d4c391c8cbb872f7be1740da12120eb"}
,"/Users/satvinaik/Desktop/520/Social-App-Team3/backend/event_logic.js": {"path":"/Users/satvinaik/Desktop/520/Social-App-Team3/backend/event_logic.js","statementMap":{"0":{"start":{"line":10,"column":27},"end":{"line":10,"column":103}},"1":{"start":{"line":12,"column":21},"end":{"line":28,"column":1}},"2":{"start":{"line":13,"column":4},"end":{"line":15,"column":5}},"3":{"start":{"line":14,"column":8},"end":{"line":14,"column":21}},"4":{"start":{"line":17,"column":4},"end":{"line":19,"column":5}},"5":{"start":{"line":18,"column":8},"end":{"line":18,"column":21}},"6":{"start":{"line":22,"column":26},"end":{"line":22,"column":75}},"7":{"start":{"line":23,"column":4},"end":{"line":25,"column":5}},"8":{"start":{"line":24,"column":8},"end":{"line":24,"column":21}},"9":{"start":{"line":27,"column":4},"end":{"line":27,"column":16}},"10":{"start":{"line":30,"column":23},"end":{"line":39,"column":1}},"11":{"start":{"line":31,"column":4},"end":{"line":38,"column":6}},"12":{"start":{"line":41,"column":22},"end":{"line":54,"column":1}},"13":{"start":{"line":42,"column":4},"end":{"line":53,"column":6}},"14":{"start":{"line":56,"column":21},"end":{"line":58,"column":1}},"15":{"start":{"line":57,"column":4},"end":{"line":57,"column":39}},"16":{"start":{"line":60,"column":27},"end":{"line":72,"column":1}},"17":{"start":{"line":61,"column":4},"end":{"line":63,"column":5}},"18":{"start":{"line":62,"column":8},"end":{"line":62,"column":85}},"19":{"start":{"line":65,"column":4},"end":{"line":67,"column":5}},"20":{"start":{"line":66,"column":8},"end":{"line":66,"column":58}},"21":{"start":{"line":70,"column":25},"end":{"line":70,"column":60}},"22":{"start":{"line":71,"column":4},"end":{"line":71,"column":38}},"23":{"start":{"line":74,"column":20},"end":{"line":85,"column":1}},"24":{"start":{"line":75,"column":4},"end":{"line":77,"column":5}},"25":{"start":{"line":76,"column":8},"end":{"line":76,"column":59}},"26":{"start":{"line":79,"column":26},"end":{"line":79,"column":77}},"27":{"start":{"line":80,"column":4},"end":{"line":82,"column":5}},"28":{"start":{"line":81,"column":8},"end":{"line":81,"column":56}},"29":{"start":{"line":84,"column":4},"end":{"line":84,"column":16}},"30":{"start":{"line":87,"column":30},"end":{"line":95,"column":1}},"31":{"start":{"line":88,"column":4},"end":{"line":90,"column":5}},"32":{"start":{"line":89,"column":8},"end":{"line":89,"column":46}},"33":{"start":{"line":92,"column":27},"end":{"line":92,"column":52}},"34":{"start":{"line":93,"column":18},"end":{"line":93,"column":51}},"35":{"start":{"line":94,"column":4},"end":{"line":94,"column":32}},"36":{"start":{"line":97,"column":28},"end":{"line":119,"column":1}},"37":{"start":{"line":98,"column":19},"end":{"line":98,"column":45}},"38":{"start":{"line":99,"column":25},"end":{"line":99,"column":61}},"39":{"start":{"line":99,"column":48},"end":{"line":99,"column":60}},"40":{"start":{"line":101,"column":4},"end":{"line":103,"column":5}},"41":{"start":{"line":102,"column":8},"end":{"line":102,"column":93}},"42":{"start":{"line":102,"column":56},"end":{"line":102,"column":91}},"43":{"start":{"line":105,"column":4},"end":{"line":107,"column":5}},"44":{"start":{"line":106,"column":8},"end":{"line":106,"column":93}},"45":{"start":{"line":106,"column":56},"end":{"line":106,"column":91}},"46":{"start":{"line":110,"column":4},"end":{"line":112,"column":5}},"47":{"start":{"line":111,"column":8},"end":{"line":111,"column":115}},"48":{"start":{"line":111,"column":56},"end":{"line":111,"column":113}},"49":{"start":{"line":114,"column":4},"end":{"line":116,"column":5}},"50":{"start":{"line":115,"column":8},"end":{"line":115,"column":113}},"51":{"start":{"line":115,"column":56},"end":{"line":115,"column":111}},"52":{"start":{"line":118,"column":4},"end":{"line":118,"column":45}},"53":{"start":{"line":121,"column":31},"end":{"line":127,"column":1}},"54":{"start":{"line":122,"column":18},"end":{"line":122,"column":45}},"55":{"start":{"line":123,"column":4},"end":{"line":125,"column":5}},"56":{"start":{"line":124,"column":8},"end":{"line":124,"column":43}},"57":{"start":{"line":126,"column":4},"end":{"line":126,"column":32}},"58":{"start":{"line":129,"column":35},"end":{"line":142,"column":1}},"59":{"start":{"line":130,"column":26},"end":{"line":130,"column":53}},"60":{"start":{"line":131,"column":4},"end":{"line":133,"column":5}},"61":{"start":{"line":132,"column":8},"end":{"line":132,"column":43}},"62":{"start":{"line":135,"column":4},"end":{"line":137,"column":5}},"63":{"start":{"line":136,"column":8},"end":{"line":136,"column":47}},"64":{"start":{"line":139,"column":29},"end":{"line":139,"column":80}},"65":{"start":{"line":140,"column":25},"end":{"line":140,"column":69}},"66":{"start":{"line":141,"column":4},"end":{"line":141,"column":39}},"67":{"start":{"line":144,"column":35},"end":{"line":160,"column":1}},"68":{"start":{"line":145,"column":18},"end":{"line":145,"column":45}},"69":{"start":{"line":146,"column":4},"end":{"line":148,"column":5}},"70":{"start":{"line":147,"column":8},"end":{"line":147,"column":43}},"71":{"start":{"line":150,"column":4},"end":{"line":152,"column":5}},"72":{"start":{"line":151,"column":8},"end":{"line":151,"column":85}},"73":{"start":{"line":154,"column":4},"end":{"line":156,"column":5}},"74":{"start":{"line":155,"column":8},"end":{"line":155,"column":53}},"75":{"start":{"line":158,"column":4},"end":{"line":158,"column":31}},"76":{"start":{"line":159,"column":4},"end":{"line":159,"column":53}},"77":{"start":{"line":162,"column":23},"end":{"line":173,"column":1}},"78":{"start":{"line":163,"column":18},"end":{"line":163,"column":45}},"79":{"start":{"line":164,"column":4},"end":{"line":166,"column":5}},"80":{"start":{"line":165,"column":8},"end":{"line":165,"column":43}},"81":{"start":{"line":168,"column":4},"end":{"line":168,"column":33}},"82":{"start":{"line":171,"column":25},"end":{"line":171,"column":79}},"83":{"start":{"line":172,"column":4},"end":{"line":172,"column":39}},"84":{"start":{"line":175,"column":26},"end":{"line":192,"column":1}},"85":{"start":{"line":176,"column":18},"end":{"line":176,"column":45}},"86":{"start":{"line":177,"column":4},"end":{"line":179,"column":5}},"87":{"start":{"line":178,"column":8},"end":{"line":178,"column":43}},"88":{"start":{"line":181,"column":4},"end":{"line":183,"column":5}},"89":{"start":{"line":182,"column":8},"end":{"line":182,"column":68}},"90":{"start":{"line":185,"column":4},"end":{"line":187,"column":5}},"91":{"start":{"line":186,"column":8},"end":{"line":186,"column":47}},"92":{"start":{"line":190,"column":25},"end":{"line":190,"column":79}},"93":{"start":{"line":191,"column":4},"end":{"line":191,"column":39}},"94":{"start":{"line":194,"column":31},"end":{"line":198,"column":1}},"95":{"start":{"line":195,"column":19},"end":{"line":195,"column":45}},"96":{"start":{"line":196,"column":23},"end":{"line":196,"column":90}},"97":{"start":{"line":196,"column":46},"end":{"line":196,"column":89}},"98":{"start":{"line":197,"column":4},"end":{"line":197,"column":41}},"99":{"start":{"line":200,"column":35},"end":{"line":208,"column":1}},"100":{"start":{"line":201,"column":4},"end":{"line":203,"column":5}},"101":{"start":{"line":202,"column":8},"end":{"line":202,"column":44}},"102":{"start":{"line":205,"column":19},"end":{"line":205,"column":45}},"103":{"start":{"line":206,"column":27},"end":{"line":206,"column":94}},"104":{"start":{"line":206,"column":50},"end":{"line":206,"column":93}},"105":{"start":{"line":207,"column":4},"end":{"line":207,"column":45}}},"fnMap":{"0":{"name":"(anonymous_0)","decl":{"start":{"line":12,"column":21},"end":{"line":12,"column":22}},"loc":{"start":{"line":12,"column":32},"end":{"line":28,"column":1}},"line":12},"1":{"name":"(anonymous_1)","decl":{"start":{"line":30,"column":23},"end":{"line":30,"column":24}},"loc":{"start":{"line":30,"column":34},"end":{"line":39,"column":1}},"line":30},"2":{"name":"(anonymous_2)","decl":{"start":{"line":41,"column":22},"end":{"line":41,"column":23}},"loc":{"start":{"line":41,"column":33},"end":{"line":54,"column":1}},"line":41},"3":{"name":"(anonymous_3)","decl":{"start":{"line":56,"column":21},"end":{"line":56,"column":22}},"loc":{"start":{"line":56,"column":42},"end":{"line":58,"column":1}},"line":56},"4":{"name":"(anonymous_4)","decl":{"start":{"line":60,"column":27},"end":{"line":60,"column":28}},"loc":{"start":{"line":60,"column":68},"end":{"line":72,"column":1}},"line":60},"5":{"name":"(anonymous_5)","decl":{"start":{"line":74,"column":20},"end":{"line":74,"column":21}},"loc":{"start":{"line":74,"column":41},"end":{"line":85,"column":1}},"line":74},"6":{"name":"(anonymous_6)","decl":{"start":{"line":87,"column":30},"end":{"line":87,"column":31}},"loc":{"start":{"line":87,"column":51},"end":{"line":95,"column":1}},"line":87},"7":{"name":"(anonymous_7)","decl":{"start":{"line":97,"column":28},"end":{"line":97,"column":29}},"loc":{"start":{"line":97,"column":52},"end":{"line":119,"column":1}},"line":97},"8":{"name":"(anonymous_8)","decl":{"start":{"line":99,"column":39},"end":{"line":99,"column":40}},"loc":{"start":{"line":99,"column":48},"end":{"line":99,"column":60}},"line":99},"9":{"name":"(anonymous_9)","decl":{"start":{"line":102,"column":47},"end":{"line":102,"column":48}},"loc":{"start":{"line":102,"column":56},"end":{"line":102,"column":91}},"line":102},"10":{"name":"(anonymous_10)","decl":{"start":{"line":106,"column":47},"end":{"line":106,"column":48}},"loc":{"start":{"line":106,"column":56},"end":{"line":106,"column":91}},"line":106},"11":{"name":"(anonymous_11)","decl":{"start":{"line":111,"column":47},"end":{"line":111,"column":48}},"loc":{"start":{"line":111,"column":56},"end":{"line":111,"column":113}},"line":111},"12":{"name":"(anonymous_12)","decl":{"start":{"line":115,"column":47},"end":{"line":115,"column":48}},"loc":{"start":{"line":115,"column":56},"end":{"line":115,"column":111}},"line":115},"13":{"name":"(anonymous_13)","decl":{"start":{"line":121,"column":31},"end":{"line":121,"column":32}},"loc":{"start":{"line":121,"column":50},"end":{"line":127,"column":1}},"line":121},"14":{"name":"(anonymous_14)","decl":{"start":{"line":129,"column":35},"end":{"line":129,"column":36}},"loc":{"start":{"line":129,"column":76},"end":{"line":142,"column":1}},"line":129},"15":{"name":"(anonymous_15)","decl":{"start":{"line":144,"column":35},"end":{"line":144,"column":36}},"loc":{"start":{"line":144,"column":64},"end":{"line":160,"column":1}},"line":144},"16":{"name":"(anonymous_16)","decl":{"start":{"line":162,"column":23},"end":{"line":162,"column":24}},"loc":{"start":{"line":162,"column":52},"end":{"line":173,"column":1}},"line":162},"17":{"name":"(anonymous_17)","decl":{"start":{"line":175,"column":26},"end":{"line":175,"column":27}},"loc":{"start":{"line":175,"column":55},"end":{"line":192,"column":1}},"line":175},"18":{"name":"(anonymous_18)","decl":{"start":{"line":194,"column":31},"end":{"line":194,"column":32}},"loc":{"start":{"line":194,"column":51},"end":{"line":198,"column":1}},"line":194},"19":{"name":"(anonymous_19)","decl":{"start":{"line":196,"column":37},"end":{"line":196,"column":38}},"loc":{"start":{"line":196,"column":46},"end":{"line":196,"column":89}},"line":196},"20":{"name":"(anonymous_20)","decl":{"start":{"line":200,"column":35},"end":{"line":200,"column":36}},"loc":{"start":{"line":200,"column":55},"end":{"line":208,"column":1}},"line":200},"21":{"name":"(anonymous_21)","decl":{"start":{"line":206,"column":41},"end":{"line":206,"column":42}},"loc":{"start":{"line":206,"column":50},"end":{"line":206,"column":93}},"line":206}},"branchMap":{"0":{"loc":{"start":{"line":13,"column":4},"end":{"line":15,"column":5}},"type":"if","locations":[{"start":{"line":13,"column":4},"end":{"line":15,"column":5}},{"start":{},"end":{}}],"line":13},"1":{"loc":{"start":{"line":13,"column":8},"end":{"line":13,"column":88}},"type":"binary-expr","locations":[{"start":{"line":13,"column":8},"end":{"line":13,"column":24}},{"start":{"line":13,"column":28},"end":{"line":13,"column":44}},{"start":{"line":13,"column":48},"end":{"line":13,"column":64}},{"start":{"line":13,"column":68},"end":{"line":13,"column":88}}],"line":13},"2":{"loc":{"start":{"line":17,"column":4},"end":{"line":19,"column":5}},"type":"if","locations":[{"start":{"line":17,"column":4},"end":{"line":19,"column":5}},{"start":{},"end":{}}],"line":17},"3":{"loc":{"start":{"line":23,"column":4},"end":{"line":25,"column":5}},"type":"if","locations":[{"start":{"line":23,"column":4},"end":{"line":25,"column":5}},{"start":{},"end":{}}],"line":23},"4":{"loc":{"start":{"line":23,"column":8},"end":{"line":23,"column":69}},"type":"binary-expr","locations":[{"start":{"line":23,"column":8},"end":{"line":23,"column":38}},{"start":{"line":23,"column":42},"end":{"line":23,"column":69}}],"line":23},"5":{"loc":{"start":{"line":32,"column":20},"end":{"line":32,"column":49}},"type":"binary-expr","locations":[{"start":{"line":32,"column":20},"end":{"line":32,"column":43}},{"start":{"line":32,"column":47},"end":{"line":32,"column":49}}],"line":32},"6":{"loc":{"start":{"line":33,"column":20},"end":{"line":33,"column":41}},"type":"binary-expr","locations":[{"start":{"line":33,"column":20},"end":{"line":33,"column":35}},{"start":{"line":33,"column":39},"end":{"line":33,"column":41}}],"line":33},"7":{"loc":{"start":{"line":34,"column":20},"end":{"line":34,"column":41}},"type":"binary-expr","locations":[{"start":{"line":34,"column":20},"end":{"line":34,"column":35}},{"start":{"line":34,"column":39},"end":{"line":34,"column":41}}],"line":34},"8":{"loc":{"start":{"line":35,"column":18},"end":{"line":35,"column":51}},"type":"binary-expr","locations":[{"start":{"line":35,"column":18},"end":{"line":35,"column":40}},{"start":{"line":35,"column":44},"end":{"line":35,"column":51}}],"line":35},"9":{"loc":{"start":{"line":36,"column":24},"end":{"line":36,"column":57}},"type":"binary-expr","locations":[{"start":{"line":36,"column":24},"end":{"line":36,"column":51}},{"start":{"line":36,"column":55},"end":{"line":36,"column":57}}],"line":36},"10":{"loc":{"start":{"line":37,"column":18},"end":{"line":37,"column":46}},"type":"binary-expr","locations":[{"start":{"line":37,"column":18},"end":{"line":37,"column":40}},{"start":{"line":37,"column":44},"end":{"line":37,"column":46}}],"line":37},"11":{"loc":{"start":{"line":61,"column":4},"end":{"line":63,"column":5}},"type":"if","locations":[{"start":{"line":61,"column":4},"end":{"line":63,"column":5}},{"start":{},"end":{}}],"line":61},"12":{"loc":{"start":{"line":65,"column":4},"end":{"line":67,"column":5}},"type":"if","locations":[{"start":{"line":65,"column":4},"end":{"line":67,"column":5}},{"start":{},"end":{}}],"line":65},"13":{"loc":{"start":{"line":75,"column":4},"end":{"line":77,"column":5}},"type":"if","locations":[{"start":{"line":75,"column":4},"end":{"line":77,"column":5}},{"start":{},"end":{}}],"line":75},"14":{"loc":{"start":{"line":80,"column":4},"end":{"line":82,"column":5}},"type":"if","locations":[{"start":{"line":80,"column":4},"end":{"line":82,"column":5}},{"start":{},"end":{}}],"line":80},"15":{"loc":{"start":{"line":88,"column":4},"end":{"line":90,"column":5}},"type":"if","locations":[{"start":{"line":88,"column":4},"end":{"line":90,"column":5}},{"start":{},"end":{}}],"line":88},"16":{"loc":{"start":{"line":97,"column":35},"end":{"line":97,"column":47}},"type":"default-arg","locations":[{"start":{"line":97,"column":45},"end":{"line":97,"column":47}}],"line":97},"17":{"loc":{"start":{"line":101,"column":4},"end":{"line":103,"column":5}},"type":"if","locations":[{"start":{"line":101,"column":4},"end":{"line":103,"column":5}},{"start":{},"end":{}}],"line":101},"18":{"loc":{"start":{"line":105,"column":4},"end":{"line":107,"column":5}},"type":"if","locations":[{"start":{"line":105,"column":4},"end":{"line":107,"column":5}},{"start":{},"end":{}}],"line":105},"19":{"loc":{"start":{"line":110,"column":4},"end":{"line":112,"column":5}},"type":"if","locations":[{"start":{"line":110,"column":4},"end":{"line":112,"column":5}},{"start":{},"end":{}}],"line":110},"20":{"loc":{"start":{"line":114,"column":4},"end":{"line":116,"column":5}},"type":"if","locations":[{"start":{"line":114,"column":4},"end":{"line":116,"column":5}},{"start":{},"end":{}}],"line":114},"21":{"loc":{"start":{"line":123,"column":4},"end":{"line":125,"column":5}},"type":"if","locations":[{"start":{"line":123,"column":4},"end":{"line":125,"column":5}},{"start":{},"end":{}}],"line":123},"22":{"loc":{"start":{"line":123,"column":8},"end":{"line":123,"column":31}},"type":"binary-expr","locations":[{"start":{"line":123,"column":8},"end":{"line":123,"column":14}},{"start":{"line":123,"column":18},"end":{"line":123,"column":31}}],"line":123},"23":{"loc":{"start":{"line":131,"column":4},"end":{"line":133,"column":5}},"type":"if","locations":[{"start":{"line":131,"column":4},"end":{"line":133,"column":5}},{"start":{},"end":{}}],"line":131},"24":{"loc":{"start":{"line":135,"column":4},"end":{"line":137,"column":5}},"type":"if","locations":[{"start":{"line":135,"column":4},"end":{"line":137,"column":5}},{"start":{},"end":{}}],"line":135},"25":{"loc":{"start":{"line":146,"column":4},"end":{"line":148,"column":5}},"type":"if","locations":[{"start":{"line":146,"column":4},"end":{"line":148,"column":5}},{"start":{},"end":{}}],"line":146},"26":{"loc":{"start":{"line":150,"column":4},"end":{"line":152,"column":5}},"type":"if","locations":[{"start":{"line":150,"column":4},"end":{"line":152,"column":5}},{"start":{},"end":{}}],"line":150},"27":{"loc":{"start":{"line":154,"column":4},"end":{"line":156,"column":5}},"type":"if","locations":[{"start":{"line":154,"column":4},"end":{"line":156,"column":5}},{"start":{},"end":{}}],"line":154},"28":{"loc":{"start":{"line":164,"column":4},"end":{"line":166,"column":5}},"type":"if","locations":[{"start":{"line":164,"column":4},"end":{"line":166,"column":5}},{"start":{},"end":{}}],"line":164},"29":{"loc":{"start":{"line":177,"column":4},"end":{"line":179,"column":5}},"type":"if","locations":[{"start":{"line":177,"column":4},"end":{"line":179,"column":5}},{"start":{},"end":{}}],"line":177},"30":{"loc":{"start":{"line":181,"column":4},"end":{"line":183,"column":5}},"type":"if","locations":[{"start":{"line":181,"column":4},"end":{"line":183,"column":5}},{"start":{},"end":{}}],"line":181},"31":{"loc":{"start":{"line":185,"column":4},"end":{"line":187,"column":5}},"type":"if","locations":[{"start":{"line":185,"column":4},"end":{"line":187,"column":5}},{"start":{},"end":{}}],"line":185},"32":{"loc":{"start":{"line":196,"column":46},"end":{"line":196,"column":89}},"type":"binary-expr","locations":[{"start":{"line":196,"column":46},"end":{"line":196,"column":73}},{"start":{"line":196,"column":77},"end":{"line":196,"column":89}}],"line":196},"33":{"loc":{"start":{"line":201,"column":4},"end":{"line":203,"column":5}},"type":"if","locations":[{"start":{"line":201,"column":4},"end":{"line":203,"column":5}},{"start":{},"end":{}}],"line":201},"34":{"loc":{"start":{"line":206,"column":50},"end":{"line":206,"column":93}},"type":"binary-expr","locations":[{"start":{"line":206,"column":50},"end":{"line":206,"column":77}},{"start":{"line":206,"column":81},"end":{"line":206,"column":93}}],"line":206}},"s":{"0":1,"1":1,"2":5,"3":1,"4":4,"5":1,"6":3,"7":3,"8":1,"9":2,"10":1,"11":2,"12":1,"13":11,"14":1,"15":4,"16":1,"17":2,"18":1,"19":1,"20":0,"21":1,"22":1,"23":1,"24":2,"25":0,"26":2,"27":2,"28":1,"29":1,"30":1,"31":4,"32":3,"33":1,"34":1,"35":1,"36":1,"37":4,"38":4,"39":8,"40":4,"41":1,"42":2,"43":4,"44":1,"45":2,"46":4,"47":1,"48":2,"49":4,"50":1,"51":1,"52":4,"53":1,"54":3,"55":3,"56":2,"57":1,"58":1,"59":3,"60":3,"61":1,"62":2,"63":0,"64":1,"65":1,"66":1,"67":1,"68":3,"69":3,"70":1,"71":2,"72":1,"73":1,"74":0,"75":1,"76":1,"77":1,"78":2,"79":2,"80":0,"81":2,"82":1,"83":1,"84":1,"85":2,"86":2,"87":0,"88":2,"89":0,"90":2,"91":1,"92":1,"93":1,"94":1,"95":1,"96":1,"97":2,"98":1,"99":1,"100":2,"101":1,"102":1,"103":1,"104":2,"105":1},"f":{"0":5,"1":2,"2":11,"3":4,"4":2,"5":2,"6":4,"7":4,"8":8,"9":2,"10":2,"11":2,"12":1,"13":3,"14":3,"15":3,"16":2,"17":2,"18":1,"19":2,"20":2,"21":2},"b":{"0":[1,4],"1":[5,4,4,4],"2":[1,3],"3":[1,2],"4":[3,3],"5":[2,0],"6":[2,0],"7":[2,0],"8":[2,0],"9":[2,0],"10":[2,0],"11":[1,1],"12":[0,1],"13":[0,2],"14":[1,1],"15":[3,1],"16":[1],"17":[1,3],"18":[1,3],"19":[1,3],"20":[1,3],"21":[2,1],"22":[3,2],"23":[1,2],"24":[0,1],"25":[1,2],"26":[1,1],"27":[0,1],"28":[0,2],"29":[0,2],"30":[0,2],"31":[1,1],"32":[2,1],"33":[1,1],"34":[2,1]},"inputSourceMap":null,"_coverageSchema":"1a1c01bbd47fc00a2c39e90264f33305004495a9","hash":"9a4aa709c65e9c99754cba7cd51c2070d5940b68"}
}
