TN:
SF:backend/auth_logic.js
FN:15,(anonymous_0)
FN:27,(anonymous_1)
FN:32,(anonymous_2)
FN:41,(anonymous_3)
FN:55,(anonymous_4)
FN:98,(anonymous_5)
FNF:6
FNH:6
FNDA:7,(anonymous_0)
FNDA:5,(anonymous_1)
FNDA:9,(anonymous_2)
FNDA:3,(anonymous_3)
FNDA:10,(anonymous_4)
FNDA:5,(anonymous_5)
DA:5,1
DA:13,1
DA:15,1
DA:16,7
DA:18,7
DA:19,7
DA:21,7
DA:23,6
DA:24,6
DA:27,1
DA:28,5
DA:29,5
DA:32,1
DA:33,9
DA:35,9
DA:36,9
DA:38,8
DA:41,1
DA:42,3
DA:55,1
DA:56,10
DA:57,1
DA:60,9
DA:61,9
DA:62,9
DA:64,9
DA:65,2
DA:68,7
DA:69,2
DA:72,5
DA:73,1
DA:76,4
DA:77,4
DA:78,1
DA:81,3
DA:82,3
DA:83,1
DA:86,2
DA:88,2
DA:95,2
DA:98,1
DA:99,5
DA:100,1
DA:103,4
DA:105,4
DA:107,4
DA:108,1
DA:111,3
DA:112,1
DA:115,2
DA:117,2
DA:118,1
DA:121,1
LF:53
LH:53
BRDA:16,0,0,0
BRDA:16,0,1,7
BRDA:16,1,0,7
BRDA:16,1,1,7
BRDA:21,2,0,1
BRDA:21,2,1,6
BRDA:28,3,0,0
BRDA:28,3,1,5
BRDA:28,4,0,5
BRDA:28,4,1,5
BRDA:33,5,0,0
BRDA:33,5,1,9
BRDA:33,6,0,9
BRDA:33,6,1,9
BRDA:36,7,0,1
BRDA:36,7,1,8
BRDA:36,8,0,9
BRDA:36,8,1,8
BRDA:56,9,0,1
BRDA:56,9,1,9
BRDA:56,10,0,10
BRDA:56,10,1,9
BRDA:56,10,2,9
BRDA:62,11,0,1
BRDA:62,11,1,8
BRDA:64,12,0,2
BRDA:64,12,1,7
BRDA:68,13,0,2
BRDA:68,13,1,5
BRDA:72,14,0,1
BRDA:72,14,1,4
BRDA:77,15,0,1
BRDA:77,15,1,3
BRDA:82,16,0,1
BRDA:82,16,1,2
BRDA:99,17,0,1
BRDA:99,17,1,4
BRDA:99,18,0,5
BRDA:99,18,1,4
BRDA:107,19,0,1
BRDA:107,19,1,3
BRDA:111,20,0,1
BRDA:111,20,1,2
BRDA:117,21,0,1
BRDA:117,21,1,1
BRF:45
BRH:42
end_of_record
TN:
SF:backend/createPost.js
FN:7,(anonymous_0)
FN:17,(anonymous_1)
FN:26,(anonymous_2)
FNF:3
FNH:3
FNDA:3,(anonymous_0)
FNDA:1,(anonymous_1)
FNDA:4,(anonymous_2)
DA:5,1
DA:7,1
DA:8,3
DA:10,2
DA:11,2
DA:12,2
DA:14,1
DA:17,1
DA:18,1
DA:26,1
DA:27,4
DA:28,1
DA:31,3
DA:33,3
DA:34,2
DA:39,1
DA:41,1
LF:17
LH:17
BRDA:8,0,0,1
BRDA:8,0,1,2
BRDA:8,1,0,3
BRDA:8,1,1,2
BRDA:11,2,0,0
BRDA:11,2,1,2
BRDA:12,3,0,1
BRDA:12,3,1,1
BRDA:27,4,0,1
BRDA:27,4,1,3
BRDA:27,5,0,4
BRDA:27,5,1,3
BRDA:33,6,0,2
BRDA:33,6,1,1
BRF:14
BRH:13
end_of_record
TN:
SF:backend/event_logic.js
FN:12,(anonymous_0)
FN:30,(anonymous_1)
FN:41,(anonymous_2)
FN:56,(anonymous_3)
FN:60,(anonymous_4)
FN:74,(anonymous_5)
FN:87,(anonymous_6)
FN:97,(anonymous_7)
FN:99,(anonymous_8)
FN:102,(anonymous_9)
FN:106,(anonymous_10)
FN:111,(anonymous_11)
FN:115,(anonymous_12)
FN:121,(anonymous_13)
FN:129,(anonymous_14)
FN:144,(anonymous_15)
FN:162,(anonymous_16)
FN:175,(anonymous_17)
FN:194,(anonymous_18)
FN:196,(anonymous_19)
FN:200,(anonymous_20)
FN:206,(anonymous_21)
FNF:22
FNH:22
FNDA:5,(anonymous_0)
FNDA:2,(anonymous_1)
FNDA:11,(anonymous_2)
FNDA:4,(anonymous_3)
FNDA:2,(anonymous_4)
FNDA:2,(anonymous_5)
FNDA:4,(anonymous_6)
FNDA:4,(anonymous_7)
FNDA:8,(anonymous_8)
FNDA:2,(anonymous_9)
FNDA:2,(anonymous_10)
FNDA:2,(anonymous_11)
FNDA:1,(anonymous_12)
FNDA:3,(anonymous_13)
FNDA:3,(anonymous_14)
FNDA:3,(anonymous_15)
FNDA:2,(anonymous_16)
FNDA:2,(anonymous_17)
FNDA:1,(anonymous_18)
FNDA:2,(anonymous_19)
FNDA:2,(anonymous_20)
FNDA:2,(anonymous_21)
DA:10,1
DA:12,1
DA:13,5
DA:14,1
DA:17,4
DA:18,1
DA:22,3
DA:23,3
DA:24,1
DA:27,2
DA:30,1
DA:31,2
DA:41,1
DA:42,11
DA:56,1
DA:57,4
DA:60,1
DA:61,2
DA:62,1
DA:65,1
DA:66,0
DA:70,1
DA:71,1
DA:74,1
DA:75,2
DA:76,0
DA:79,2
DA:80,2
DA:81,1
DA:84,1
DA:87,1
DA:88,4
DA:89,3
DA:92,1
DA:93,1
DA:94,1
DA:97,1
DA:98,4
DA:99,8
DA:101,4
DA:102,2
DA:105,4
DA:106,2
DA:110,4
DA:111,2
DA:114,4
DA:115,1
DA:118,4
DA:121,1
DA:122,3
DA:123,3
DA:124,2
DA:126,1
DA:129,1
DA:130,3
DA:131,3
DA:132,1
DA:135,2
DA:136,0
DA:139,1
DA:140,1
DA:141,1
DA:144,1
DA:145,3
DA:146,3
DA:147,1
DA:150,2
DA:151,1
DA:154,1
DA:155,0
DA:158,1
DA:159,1
DA:162,1
DA:163,2
DA:164,2
DA:165,0
DA:168,2
DA:171,1
DA:172,1
DA:175,1
DA:176,2
DA:177,2
DA:178,0
DA:181,2
DA:182,0
DA:185,2
DA:186,1
DA:190,1
DA:191,1
DA:194,1
DA:195,1
DA:196,2
DA:197,1
DA:200,1
DA:201,2
DA:202,1
DA:205,1
DA:206,2
DA:207,1
LF:99
LH:92
BRDA:13,0,0,1
BRDA:13,0,1,4
BRDA:13,1,0,5
BRDA:13,1,1,4
BRDA:13,1,2,4
BRDA:13,1,3,4
BRDA:17,2,0,1
BRDA:17,2,1,3
BRDA:23,3,0,1
BRDA:23,3,1,2
BRDA:23,4,0,3
BRDA:23,4,1,3
BRDA:32,5,0,2
BRDA:32,5,1,0
BRDA:33,6,0,2
BRDA:33,6,1,0
BRDA:34,7,0,2
BRDA:34,7,1,0
BRDA:35,8,0,2
BRDA:35,8,1,0
BRDA:36,9,0,2
BRDA:36,9,1,0
BRDA:37,10,0,2
BRDA:37,10,1,0
BRDA:61,11,0,1
BRDA:61,11,1,1
BRDA:65,12,0,0
BRDA:65,12,1,1
BRDA:75,13,0,0
BRDA:75,13,1,2
BRDA:80,14,0,1
BRDA:80,14,1,1
BRDA:88,15,0,3
BRDA:88,15,1,1
BRDA:97,16,0,1
BRDA:101,17,0,1
BRDA:101,17,1,3
BRDA:105,18,0,1
BRDA:105,18,1,3
BRDA:110,19,0,1
BRDA:110,19,1,3
BRDA:114,20,0,1
BRDA:114,20,1,3
BRDA:123,21,0,2
BRDA:123,21,1,1
BRDA:123,22,0,3
BRDA:123,22,1,2
BRDA:131,23,0,1
BRDA:131,23,1,2
BRDA:135,24,0,0
BRDA:135,24,1,1
BRDA:146,25,0,1
BRDA:146,25,1,2
BRDA:150,26,0,1
BRDA:150,26,1,1
BRDA:154,27,0,0
BRDA:154,27,1,1
BRDA:164,28,0,0
BRDA:164,28,1,2
BRDA:177,29,0,0
BRDA:177,29,1,2
BRDA:181,30,0,0
BRDA:181,30,1,2
BRDA:185,31,0,1
BRDA:185,31,1,1
BRDA:196,32,0,2
BRDA:196,32,1,1
BRDA:201,33,0,1
BRDA:201,33,1,1
BRDA:206,34,0,2
BRDA:206,34,1,1
BRF:71
BRH:58
end_of_record
